

  Data for ANEOS number  -1   library number    0  type 99     ver 09/30/13

  Fe85Si15-ANEOS-SLVTv0.2                                 RHUG=-1.00000D+00
                                                          THUG=-1.00000D+00

  IN( 1)= 2.000000000D+00  IN(17)= 0.000000000D+00  IN(33)= 0.000000000D+00
  IN( 2)= 4.000000000D+00  IN(18)= 0.000000000D+00  IN(34)= 0.000000000D+00
  IN( 3)= 7.510000000D+00  IN(19)= 0.000000000D+00  IN(35)= 0.000000000D+00
  IN( 4)= 2.980000000D+02  IN(20)= 0.000000000D+00  IN(36)= 0.000000000D+00
  IN( 5)= 1.000000000D+06  IN(21)= 0.000000000D+00  IN(37)= 0.000000000D+00
  IN( 6)= 1.510000000D+12  IN(22)= 0.000000000D+00  IN(38)= 0.000000000D+00
  IN( 7)= 2.000000000D+00  IN(23)= 2.470000000D+09  IN(39)= 0.000000000D+00
  IN( 8)=-6.000000000D+02  IN(24)= 9.620000000D-01  IN(40)= 0.000000000D+00
  IN( 9)= 0.000000000D+00  IN(25)= 1.000000000D+00  IN(41)= 0.000000000D+00
  IN(10)= 1.500000000D+00  IN(26)= 0.000000000D+00  IN(42)= 0.000000000D+00
  IN(11)= 1.020000000D+11  IN(27)= 3.000000000D-01  IN(43)= 0.000000000D+00
  IN(12)= 1.600000000D+03  IN(28)= 1.000000000D-01  IN(44)= 1.330000000D+00
  IN(13)= 0.000000000D+00  IN(29)= 2.000000000D-01  IN(45)= 1.000000000D-20
  IN(14)= 0.000000000D+00  IN(30)= 0.000000000D+00  IN(46)= 1.000000000D+05
  IN(15)= 0.000000000D+00  IN(31)=-7.500000000D-01  IN(47)= 0.000000000D+00
  IN(16)= 0.000000000D+00  IN(32)= 5.000000000D-01  IN(48)= 0.000000000D+00

  N0= 0.11654D+23 Mean atomic weight= 0.51685D+02
  Z( 1)= 26.  number fraction( 1)= 8.50000D-01  atoms/gram( 1)= 9.90551D+21
  Z( 2)= 14.  number fraction( 2)= 1.50000D-01  atoms/gram( 2)= 1.74803D+21


NEW: Cv adjust, QCC1, QCC6=   0.133000D+01   0.100000D-19   0.100000D+06



  REFERENCE POINT CONDITIONS

  T=   2.567717D-02      RHO=    7.510000D+00      P=   1.000000D+06
  E=   8.260342D+08      DPDT=   8.935509D+11      CV=  6.022813D+10
  S=   5.198365D+10      DPDR=   2.010652D+11      B0=  1.510000D+12
  CS=  4.550831D+05      GAMMA=  1.975514D+00


  TWO-PHASE CALCULATION FOR MATERIAL     1

  CRITICAL POINT
  RHO=  8.5713229D-01       T=  6.2722566D-01         P=  5.4077658D+09
  E=  1.1093735D+11         S=  4.6739644D+11         NTY=  130


  TWO-PHASE BOUNDARIES
       T         RHOLIQ        RHOVAP        PLIQ         PVAP        ELIQ         EVAP         SLIQ         SVAP        GLIQ         GVAP         PSILIQ      PSIVAP         NTY
       K         kg/m**3       kg/m**3       GPa          GPa         J/kg         J/kg        J/kg-K       J/kg-K       J/kg         J/kg

  7.27936D+03  8.57132D+02  8.57132D+02  5.40777D-01  5.40777D-01  1.10937D+07  1.10937D+07  4.02756D+03  4.02756D+03 -1.75917D+07 -1.75917D+07  6.50318D+00  6.50318D+00      0
  7.18470D+03  1.09594D+03  5.99942D+02  5.10980D-01  5.10980D-01  1.05557D+07  1.15868D+07  3.93486D+03  4.13203D+03 -1.72472D+07 -1.72472D+07  3.99114D+00  7.05842D+00     11
  7.09004D+03  1.25518D+03  5.32557D+02  4.85294D-01  4.85294D-01  1.01910D+07  1.16802D+07  3.87583D+03  4.15988D+03 -1.69006D+07 -1.69006D+07  3.27092D+00  7.49869D+00     10
  6.99539D+03  1.37330D+03  4.80041D+02  4.60285D-01  4.60285D-01  9.91483D+06  1.17406D+07  3.83212D+03  4.18230D+03 -1.65556D+07 -1.65556D+07  2.81303D+00  7.82536D+00      9
  6.90073D+03  1.47706D+03  4.36764D+02  4.35928D-01  4.35928D-01  9.67096D+06  1.17802D+07  3.79381D+03  4.20135D+03 -1.62125D+07 -1.62125D+07  2.46075D+00  8.07482D+00      9
  6.80608D+03  1.57313D+03  3.99850D+02  4.12225D-01  4.12225D-01  9.44530D+06  1.18050D+07  3.75841D+03  4.21812D+03 -1.58712D+07 -1.58712D+07  2.17258D+00  8.26671D+00      8
  6.71142D+03  1.66450D+03  3.67620D+02  3.89178D-01  3.89178D-01  9.23153D+06  1.18189D+07  3.72478D+03  4.23323D+03 -1.55318D+07 -1.55318D+07  1.92930D+00  8.41308D+00      8
  6.61676D+03  1.75283D+03  3.39003D+02  3.66788D-01  3.66788D-01  9.02615D+06  1.18242D+07  3.69230D+03  4.24710D+03 -1.51943D+07 -1.51943D+07  1.71990D+00  8.52198D+00      8
  6.52211D+03  1.83916D+03  3.13271D+02  3.45058D-01  3.45057D-01  8.82695D+06  1.18225D+07  3.66059D+03  4.26002D+03 -1.48588D+07 -1.48588D+07  1.53732D+00  8.59909D+00      7
  6.42745D+03  1.92423D+03  2.89909D+02  3.23987D-01  3.23987D-01  8.63240D+06  1.18149D+07  3.62935D+03  4.27220D+03 -1.45253D+07 -1.45253D+07  1.37664D+00  8.64864D+00      7
  6.33280D+03  2.00856D+03  2.68534D+02  3.03579D-01  3.03579D-01  8.44143D+06  1.18023D+07  3.59838D+03  4.28379D+03 -1.41939D+07 -1.41939D+07  1.23427D+00  8.67388D+00      7
  6.23814D+03  2.09258D+03  2.48853D+02  2.83836D-01  2.83836D-01  8.25322D+06  1.17855D+07  3.56755D+03  4.29492D+03 -1.38647D+07 -1.38647D+07  1.10749D+00  8.67738D+00      7
  6.14348D+03  2.17661D+03  2.30639D+02  2.64760D-01  2.64760D-01  8.06713D+06  1.17648D+07  3.53670D+03  4.30570D+03 -1.35377D+07 -1.35377D+07  9.94157D-01  8.66125D+00      7
  6.04883D+03  2.26093D+03  2.13712D+02  2.46353D-01  2.46353D-01  7.88266D+06  1.17409D+07  3.50576D+03  4.31620D+03 -1.32129D+07 -1.32129D+07  8.92545D-01  8.62721D+00      7
  5.95417D+03  2.34577D+03  1.97923D+02  2.28617D-01  2.28617D-01  7.69942D+06  1.17139D+07  3.47462D+03  4.32652D+03 -1.28904D+07 -1.28904D+07  8.01244D-01  8.57671D+00      7
  5.85952D+03  2.43133D+03  1.83153D+02  2.11558D-01  2.11557D-01  7.51709D+06  1.16842D+07  3.44322D+03  4.33672D+03 -1.25703D+07 -1.25703D+07  7.19078D-01  8.51100D+00      6
  5.76486D+03  2.51777D+03  1.69301D+02  1.95174D-01  1.95174D-01  7.33542D+06  1.16521D+07  3.41149D+03  4.34686D+03 -1.22527D+07 -1.22527D+07  6.45057D-01  8.43113D+00      6
  5.67020D+03  2.60525D+03  1.56283D+02  1.79472D-01  1.79471D-01  7.15420D+06  1.16178D+07  3.37937D+03  4.35701D+03 -1.19375D+07 -1.19375D+07  5.78329D-01  8.33802D+00      6
  5.57555D+03  2.69389D+03  1.44029D+02  1.64453D-01  1.64453D-01  6.97329D+06  1.15815D+07  3.34683D+03  4.36723D+03 -1.16250D+07 -1.16250D+07  5.18158D-01  8.23247D+00      6
  5.48089D+03  2.78381D+03  1.32477D+02  1.50122D-01  1.50122D-01  6.79259D+06  1.15434D+07  3.31382D+03  4.37758D+03 -1.13151D+07 -1.13151D+07  4.63904D-01  8.11519D+00      6
  5.38624D+03  2.87508D+03  1.21577D+02  1.36481D-01  1.36481D-01  6.61203D+06  1.15036D+07  3.28030D+03  4.38812D+03 -1.10079D+07 -1.10079D+07  4.15003D-01  7.98677D+00      6
  5.29158D+03  2.96779D+03  1.11285D+02  1.23533D-01  1.23533D-01  6.43161D+06  1.14622D+07  3.24625D+03  4.39891D+03 -1.07036D+07 -1.07036D+07  3.70952D-01  7.84778D+00      6
  5.19692D+03  3.06197D+03  1.01563D+02  1.11281D-01  1.11281D-01  6.25135D+06  1.14195D+07  3.21165D+03  4.41003D+03 -1.04021D+07 -1.04021D+07  3.31305D-01  7.69867D+00      6
  5.10227D+03  3.15765D+03  9.23807D+01  9.97270D-02  9.97270D-02  6.07132D+06  1.13756D+07  3.17650D+03  4.42155D+03 -1.01035D+07 -1.01035D+07  2.95659D-01  7.53985D+00      6
  5.00761D+03  3.25484D+03  8.37105D+01  8.88721D-02  8.88721D-02  5.89162D+06  1.13306D+07  3.14078D+03  4.43355D+03 -9.80795D+06 -9.80795D+06  2.63650D-01  7.37170D+00      6
  4.91296D+03  3.35349D+03  7.55304D+01  7.87170D-02  7.87170D-02  5.71242D+06  1.12846D+07  3.10450D+03  4.44612D+03 -9.51550D+06 -9.51550D+06  2.34946D-01  7.19454D+00      6
  4.81830D+03  3.45358D+03  6.78222D+01  6.92694D-02  6.92611D-02  5.53389D+06  1.12378D+07  3.06768D+03  4.45935D+03 -9.22620D+06 -9.22620D+06  2.09245D-01  7.00864D+00      5
  4.72365D+03  3.55500D+03  6.05713D+01  6.05064D-02  6.05020D-02  5.35628D+06  1.11903D+07  3.03034D+03  4.47335D+03 -8.94013D+06 -8.94014D+06  1.86271D-01  6.81426D+00      5
  4.62899D+03  3.65764D+03  5.37669D+01  5.24380D-02  5.24358D-02  5.17982D+06  1.11423D+07  2.99251D+03  4.48825D+03 -8.65736D+06 -8.65736D+06  1.65767D-01  6.61162D+00      5
  4.53433D+03  3.76138D+03  4.74011D+01  4.50569D-02  4.50557D-02  5.00482D+06  1.10938D+07  2.95424D+03  4.50418D+03 -8.37793D+06 -8.37793D+06  1.47497D-01  6.40096D+00      5
  4.43968D+03  3.86604D+03  4.14687D+01  3.83531D-02  3.83526D-02  4.83157D+06  1.10451D+07  2.91556D+03  4.52129D+03 -8.10191D+06 -8.10191D+06  1.31245D-01  6.18249D+00      5
  4.34502D+03  3.97143D+03  3.59672D+01  3.23138D-02  3.23136D-02  4.66039D+06  1.09964D+07  2.87653D+03  4.53974D+03 -7.82935D+06 -7.82935D+06  1.16810D-01  5.95647D+00      5
  4.25037D+03  4.07735D+03  3.08957D+01  2.69222D-02  2.69221D-02  4.49161D+06  1.09477D+07  2.83722D+03  4.55972D+03 -7.56029D+06 -7.56029D+06  1.04006D-01  5.72319D+00      5
  4.15571D+03  4.18357D+03  2.62545D+01  2.21573D-02  2.21572D-02  4.32555D+06  1.08993D+07  2.79767D+03  4.58143D+03 -7.29478D+06 -7.29478D+06  9.26644D-02  5.48301D+00      5
  4.06105D+03  4.28984D+03  2.20440D+01  1.79933D-02  1.79933D-02  4.16250D+06  1.08513D+07  2.75795D+03  4.60509D+03 -7.03284D+06 -7.03284D+06  8.26270D-02  5.23640D+00      5
  3.96640D+03  4.39593D+03  1.82633D+01  1.43998D-02  1.43998D-02  4.00276D+06  1.08040D+07  2.71813D+03  4.63092D+03 -6.77452D+06 -6.77452D+06  7.37514D-02  4.98394D+00      5
  3.87174D+03  4.50160D+03  1.49088D+01  1.13410D-02  1.13410D-02  3.84656D+06  1.07576D+07  2.67825D+03  4.65919D+03 -6.51982D+06 -6.51982D+06  6.59069D-02  4.72633D+00      5
  3.77709D+03  4.60661D+03  1.19733D+01  8.77703D-03  8.77703D-03  3.69414D+06  1.07123D+07  2.63838D+03  4.69017D+03 -6.26878D+06 -6.26878D+06  5.89752D-02  4.46445D+00      5
  3.68243D+03  4.71074D+03  9.44403D+00  6.66358D-03  6.66358D-03  3.54566D+06  1.06684D+07  2.59856D+03  4.72416D+03 -6.02140D+06 -6.02140D+06  5.28497D-02  4.19930D+00      5
  3.58777D+03  4.81378D+03  7.30239D+00  4.95351D-03  4.95351D-03  3.40127D+06  1.06261D+07  2.55883D+03  4.76149D+03 -5.77768D+06 -5.77768D+06  4.74344D-02  3.93200D+00      5
  3.49312D+03  4.91554D+03  5.52377D+00  3.61140D-03  3.59780D-03  3.26105D+06  1.05858D+07  2.51922D+03  4.80251D+03 -5.53764D+06 -5.53764D+06  4.26434D-02  3.66376D+00      4
  3.39846D+03  5.01586D+03  4.07799D+00  2.55358D-03  2.54699D-03  3.12505D+06  1.05478D+07  2.47975D+03  4.84766D+03 -5.30128D+06 -5.30128D+06  3.84007D-02  3.39587D+00      4
  3.30381D+03  5.11458D+03  2.93039D+00  1.75561D-03  1.75258D-03  2.99330D+06  1.05125D+07  2.44043D+03  4.89740D+03 -5.06859D+06 -5.06859D+06  3.46388D-02  3.12963D+00      4
  3.20915D+03  5.21159D+03  2.04326D+00  1.16976D-03  1.16845D-03  2.86577D+06  1.04803D+07  2.40126D+03  4.95228D+03 -4.83957D+06 -4.83957D+06  3.12979D-02  2.86637D+00      4
  3.11449D+03  5.30678D+03  1.37745D+00  7.52550D-04  7.52020D-04  2.74241D+06  1.04517D+07  2.36224D+03  5.01293D+03 -4.61422D+06 -4.61422D+06  2.83258D-02  2.60742D+00      4
  3.01984D+03  5.40008D+03  8.94044D-01  4.65467D-04  4.65267D-04  2.62314D+06  1.04272D+07  2.32335D+03  5.08008D+03 -4.39253D+06 -4.39253D+06  2.56765D-02  2.35412D+00      4
  2.92518D+03  5.49142D+03  5.55976D-01  2.75432D-04  2.75363D-04  2.50785D+06  1.04074D+07  2.28457D+03  5.15457D+03 -4.17449D+06 -4.17449D+06  2.33099D-02  2.10780D+00      4
  2.83053D+03  5.58078D+03  3.29377D-01  1.55040D-04  1.55018D-04  2.39643D+06  1.03930D+07  2.24585D+03  5.23739D+03 -3.96011D+06 -3.96011D+06  2.11910D-02  1.86980D+00      4
  2.75873D+03  5.64702D+03  2.19615D-01  1.00000D-04  9.99900D-05  2.31476D+06  1.03865D+07  2.21650D+03  5.30737D+03 -3.80027D+06 -3.80027D+06  1.97486D-02  1.69661D+00      0
  2.73587D+03  5.66811D+03  1.84668D-01  8.24759D-05  8.24697D-05  2.28875D+06  1.03844D+07  2.20716D+03  5.32966D+03 -3.74938D+06 -3.74938D+06  1.92894D-02  1.64146D+00      4
  2.64122D+03  5.75341D+03  9.72321D-02  4.11517D-05  4.11501D-05  2.18467D+06  1.03825D+07  2.16844D+03  5.43266D+03 -3.54231D+06 -3.54231D+06  1.75783D-02  1.42418D+00      4
  2.54656D+03  5.83669D+03  4.76517D-02  1.90924D-05  1.90920D-05  2.08404D+06  1.03876D+07  2.12965D+03  5.54788D+03 -3.33891D+06 -3.33891D+06  1.60349D-02  1.21934D+00      4
  2.49923D+03  5.87757D+03  3.23720D-02  1.26162D-05  1.26161D-05  2.03498D+06  1.03930D+07  2.11020D+03  5.61058D+03 -3.23858D+06 -3.23858D+06  1.53196D-02  1.12202D+00      4
  2.45190D+03  5.91795D+03  2.15160D-02  8.15544D-06  8.15538D-06  1.98672D+06  1.04004D+07  2.09070D+03  5.67698D+03 -3.13918D+06 -3.13918D+06  1.46388D-02  1.02834D+00      4
  2.40458D+03  5.95783D+03  1.39702D-02  5.14973D-06  5.14971D-06  1.93925D+06  1.04097D+07  2.07115D+03  5.74730D+03 -3.04070D+06 -3.04070D+06  1.39906D-02  9.38465D-01      4
  2.35725D+03  5.99721D+03  8.84722D-03  1.95799D-05  3.17157D-06  1.89255D+06  1.04210D+07  2.05153D+03  5.82181D+03 -2.94314D+06 -2.94315D+06  1.33728D-02  8.52554D-01      3
  2.30992D+03  6.03610D+03  5.45554D-03  1.90202D-06  1.90202D-06  1.84660D+06  1.04343D+07  2.03184D+03  5.90075D+03 -2.84652D+06 -2.84652D+06  1.27837D-02  7.70763D-01      4
  2.26259D+03  6.07450D+03  3.26984D-03  6.84025D-06  1.10881D-06  1.80138D+06  1.04495D+07  2.01206D+03  5.98441D+03 -2.75083D+06 -2.75083D+06  1.22216D-02  6.93234D-01      3
  2.21526D+03  6.11242D+03  1.90133D-03  6.27215D-07  6.27215D-07  1.75688D+06  1.04667D+07  1.99219D+03  6.07305D+03 -2.65608D+06 -2.65608D+06  1.16848D-02  6.20091D-01      4
  2.16794D+03  6.14985D+03  1.07049D-03  3.43607D-07  3.43607D-07  1.71307D+06  1.04856D+07  1.97220D+03  6.16697D+03 -2.56227D+06 -2.56227D+06  1.11718D-02  5.51438D-01      4
  2.12061D+03  6.18682D+03  5.82367D-04  1.81936D-07  1.81936D-07  1.66995D+06  1.05061D+07  1.95208D+03  6.26648D+03 -2.46942D+06 -2.46942D+06  1.06814D-02  4.87357D-01      4
  2.07328D+03  6.22330D+03  3.05468D-04  9.29110D-08  9.29110D-08  1.62748D+06  1.05282D+07  1.93183D+03  6.37186D+03 -2.37751D+06 -2.37751D+06  1.02121D-02  4.27898D-01      4
  2.02595D+03  6.25933D+03  1.54135D-04  4.56595D-08  4.56595D-08  1.58567D+06  1.05516D+07  1.91143D+03  6.48344D+03 -2.28657D+06 -2.28657D+06  9.76280D-03  3.73079D-01      4
  1.97862D+03  6.29489D+03  7.46395D-05  2.15418D-08  2.15418D-08  1.54448D+06  1.05760D+07  1.89086D+03  6.60154D+03 -2.19660D+06 -2.19660D+06  9.33230D-03  3.22883D-01      4
  1.93130D+03  6.32999D+03  3.45996D-05  9.73249D-09  9.73249D-09  1.50390D+06  1.06012D+07  1.87010D+03  6.72650D+03 -2.10760D+06 -2.10760D+06  8.91956D-03  2.77257D-01      4
  1.88397D+03  6.36465D+03  1.53126D-05  4.19938D-09  4.19941D-09  1.46393D+06  1.06269D+07  1.84914D+03  6.85868D+03 -2.01959D+06 -2.01959D+06  8.52358D-03  2.36104D-01      4
  1.83664D+03  6.39886D+03  6.45155D-06  1.72552D-09  1.72551D-09  1.42453D+06  1.06528D+07  1.82796D+03  6.99843D+03 -1.93258D+06 -1.93258D+06  8.14343D-03  1.99292D-01      4
  1.78931D+03  6.43263D+03  2.57977D-06  6.73090D-10  6.73059D-10  1.38571D+06  1.06785D+07  1.80655D+03  7.14616D+03 -1.84658D+06 -1.84658D+06  7.77824D-03  1.66649D-01      4
  1.74198D+03  6.46596D+03  9.75784D-07  2.48376D-10  2.48378D-10  1.34744D+06  1.07036D+07  1.78487D+03  7.30231D+03 -1.76160D+06 -1.76160D+06  7.42719D-03  1.37972D-01      4
  1.69466D+03  6.49887D+03  3.47854D-07  8.64166D-11  8.63908D-11  1.30971D+06  1.07278D+07  1.76291D+03  7.46733D+03 -1.67765D+06 -1.67765D+06  7.08952D-03  1.13024D-01      4
  1.64733D+03  6.53135D+03  1.16401D-07  2.82120D-11  2.82042D-11  1.27250D+06  1.07507D+07  1.74064D+03  7.64177D+03 -1.59474D+06 -1.59474D+06  6.76450D-03  9.15435D-02      3
  1.60000D+03  6.56341D+03  3.63983D-08  2.18887D-12  8.60281D-12  1.23582D+06  1.07720D+07  1.71805D+03  7.82622D+03 -1.51290D+06 -1.51290D+06  6.45147D-03  7.32523D-02      3
  1.58400D+03  6.83279D+03  2.39190D-08  1.35121D-10  5.60608D-12  9.75959D+05  1.07791D+07  1.55559D+03  7.89279D+03 -1.48795D+06 -1.48795D+06  5.50875D-03  6.76187D-02      4
  1.50400D+03  6.88272D+03  2.55930D-09  4.51859D-11  5.74737D-13  9.12370D+05  1.08107D+07  1.51439D+03  8.24545D+03 -1.36514D+06 -1.36514D+06  5.09431D-03  4.42373D-02      4
  1.42400D+03  6.93161D+03  2.13273D-10  1.39069D-11  4.58004D-14  8.49915D+05  1.08343D+07  1.47172D+03  8.63449D+03 -1.24570D+06 -1.24570D+06  4.70178D-03  2.76814D-02      4
  1.34400D+03  6.97947D+03  1.33081D-11  3.59039D-12  2.72524D-15  7.88545D+05  1.08489D+07  1.42737D+03  9.06557D+03 -1.12973D+06 -1.12973D+06  4.32941D-03  1.64541D-02      4
  1.26400D+03  7.02634D+03  5.91277D-13  5.75256D-13  1.15032D-16  7.28216D+05  1.08538D+07  1.38109D+03  9.54620D+03 -1.01738D+06 -1.01738D+06  3.97560D-03  9.20944D-03      4
  1.18400D+03  7.07222D+03  1.75230D-14  4.74330D-06  3.22380D-18  6.68889D+05  1.08487D+07  1.33261D+03  1.00863D+04 -9.08824D+05 -9.08824D+05  3.63892D-03  4.79889D-03      3
  1.10400D+03  7.11712D+03  3.17943D-16  1.52588D-14  5.50076D-20  6.10532D+05  1.08339D+07  1.28157D+03  1.06992D+04 -8.04245D+05 -8.04245D+05  3.31804D-03  2.29376D-03      5
  1.02400D+03  7.16107D+03  5.94707D-21  7.62939D-15  9.67088D-25  5.53117D+05  1.04259D+07  1.22759D+03  1.10283D+04 -7.03863D+05 -7.03863D+05  3.01177D-03  1.00000+100      7
  9.44000D+02  7.20406D+03  3.45053D-23  7.01904D-14  5.19625D-27  4.96631D+05  1.04151D+07  1.17016D+03  1.18371D+04 -6.07934D+05 -6.07934D+05  2.71903D-03  1.00000+100      6
  8.64000D+02  7.24608D+03  7.70797D-26  6.86646D-15  1.06602D-29  4.41068D+05  1.04016D+07  1.10866D+03  1.27978D+04 -5.16757D+05 -5.16757D+05  2.43881D-03  1.00000+100      5
  7.84000D+02  7.28714D+03  4.91914D-29  5.03540D-14  6.18778D-33  3.86442D+05  1.03859D+07  1.04232D+03  1.39579D+04 -4.30688D+05 -4.30688D+05  2.17022D-03  1.00000+100      6
  7.04000D+02  7.32719D+03  5.80617D-33  2.51770D-14  6.56778D-37  3.32794D+05  1.03685D+07  9.70148D+02  1.53870D+04 -3.50151D+05 -3.50151D+05  1.91241D-03  1.00000+100      7
  6.24000D+02  7.36617D+03  6.56289D-38 -1.06812D-14  6.58513D-42  2.80201D+05  1.03501D+07  8.90859D+02  1.71903D+04 -2.75663D+05 -2.75663D+05  1.66463D-03  1.00000+100      8
  5.44000D+02  7.40399D+03  2.49851D-44 -3.24249D-14  2.18626D-48  2.28812D+05  1.03312D+07  8.02746D+02  1.95352D+04 -2.07857D+05 -2.07857D+05  1.42619D-03  1.00000+100      9
  4.64000D+02  7.44046D+03  5.48702D-53  5.26428D-14  4.09560D-57  1.78887D+05  1.03120D+07  7.03518D+02  2.27042D+04 -1.47526D+05 -1.47526D+05  1.19642D-03  1.00000+100      7
  3.84000D+02  7.47525D+03  2.74028D-65 -5.26428D-14  1.69276D-69  1.30911D+05  1.02927D+07  5.90109D+02  2.72154D+04 -9.56776D+04 -9.56776D+04  9.74744D-04  1.00000+100      7
  3.04000D+02  7.50769D+03  4.08427D-84 -5.03540D-14  1.99737D-88  8.58244D+04  1.02734D+07  4.58645D+02  3.41331D+04 -5.35956D+04 -5.35956D+04  7.60581D-04  1.00000+100      8
  2.24000D+02  7.53641D+03  1.82734-116  7.82013D-15  6.58473-121  4.55967D+04  1.02541D+07  3.05702D+02  4.60427D+04 -2.28767D+04 -2.28767D+04  5.53353D-04  1.00000+100     37


  DATA ARRAY FOR MATERIAL   1

  C( 1) = 1.000000000+100  C(31) = 1.000000000D+00  C(61) =-7.500000000D-01
  C( 2) = 0.000000000D+00  C(32) = 8.267622958D+13  C(62) = 5.000000000D-01
  C( 3) = 1.592137980D+12  C(33) = 3.333107573D+00  C(63) = 1.000000000D+00
  C( 4) = 5.718958471D+11  C(34) = 3.492742015D+13  C(64) = 0.000000000D+00
  C( 5) = 1.017594739D+01  C(35) =-8.376145592D+13  C(65) = 0.000000000D+00
  C( 6) = 1.824052610D+00  C(36) = 5.178409296D+13  C(66) = 0.000000000D+00
  C( 7) = 0.000000000D+00  C(37) = 6.613010217D+13  C(67) = 0.000000000D+00
  C( 8) = 0.000000000D+00  C(38) = 0.000000000D+00  C(68) = 0.000000000D+00
  C( 9) = 0.000000000D+00  C(39) = 0.000000000D+00  C(69) = 0.000000000D+00
  C(10) = 1.020000000D+11  C(40) = 0.000000000D+00  C(70) = 0.000000000D+00
  C(11) = 7.510000000D+00  C(41) = 0.000000000D+00  C(71) = 1.000000000D+00
  C(12) = 2.567717075D-02  C(42) = 1.000000000D-01  C(72) = 0.000000000D+00
  C(13) = 2.021620320D-05  C(43) =-5.106762261D+09  C(73) = 6.272256602D-01
  C(14) =-8.322516682D-04  C(44) =-4.478746872D+10  C(74) = 8.571322913D-01
  C(15) = 2.000000000D+00  C(45) = 3.932609710D+10  C(75) = 0.000000000D+00
  C(16) =-6.648924381D-02  C(46) = 6.822672301D+00  C(76) = 0.000000000D+00
  C(17) = 7.323568575D-01  C(47) = 6.563410753D+00  C(77) = 5.155962055D-01
  C(18) = 1.378640041D-01  C(48) = 2.340321108D+00  C(78) = 5.463369446D+00
  C(19) = 7.568517629D+00  C(49) = 8.093124128D-02  C(79) = 6.953128376-310
  C(20) = 1.000000000D+06  C(50) = 6.329771837D-02  C(80) = 0.000000000D+00
  C(21) = 1.510000000D+12  C(51) = 5.249678136D-02  C(81) = 0.000000000D+00
  C(22) = 0.000000000D+00  C(52) = 7.875279983D-01  C(82) = 0.000000000D+00
  C(23) = 6.008000000D+00  C(53) = 0.000000000D+00  C(83) = 0.000000000D+00
  C(24) = 5.000000000D-01  C(54) = 0.000000000D+00  C(84) = 0.000000000D+00
  C(25) =-5.169900152D-02  C(55) = 9.999990000D-01  C(85) = 0.000000000D+00
  C(26) = 2.420000000D+01  C(56) = 1.000000000D-06  C(86) = 0.000000000D+00
  C(27) = 1.165354652D+22  C(57) = 3.000000000D-01  C(87) = 2.353345528-314
  C(28) = 2.000000000D+00  C(58) = 1.000000000D-01  C(88) = 1.330000000D+00
  C(29) = 5.168515000D+01  C(59) = 2.000000000D-01  C(89) = 1.000000000D-20
  C(30) = 4.000000000D+00  C(60) = 0.000000000D+00  C(90) = 1.000000000D+05

  LOCKP( 1)=   1    LOCKPL( 1)=  90  (two-phase array storage data)


 BOUNDS OF LIQUID/SOLID PHASE TRANSITION
   ENTHALPY OF FUSION (ERG/GM)................... 2.47000D+09
   LOWER LIMIT OF METASTABLE LIQUID ACK(49)...... 9.39259D+02
   MELT TEMPERATURE (TRIPLE POINT) ACK(18)....... 1.60000D+03
   INTERMEDIATE TEMPERATURE ACK(52).............. 9.13977D+03
   MAXIMUM TEMPERATURE ACK(48)................... 2.71609D+04
   SLOPE OF LEFT  BOUNDARY, dT/dRHO ACK(50)...... 7.34611D-01
   SLOPE OF RIGHT BOUNDARY, dT/dRHO ACK(51)...... 6.09259D-01
   MINIMUM DENSITY ACK(23), GM/CC................ 6.00800D+03
   SOLID/MELT DENSITY AT Tm ACK(46), GM/CC....... 0.00000D+00
   LIQUID/VAPOR DENSITY AT Tm ACK(47), GM/CC..... 6.56341D+03



 LIQUID/SOLID PHASE CURVE

       T         RLIQ       RSOLID      PLIQ       PSOLID      ELIQ        ESOLID       SLIQ       SOLID        GLIQ       GSOLID        #ITER
       K        kg/m**3     kg/m**3      GPa         GPa       J/kg         J/kg        J/kg-K     J/kg-K       J/kg        J/kg

  9.3926D+02  5.4750D+03  6.0077D+03 -1.4001D+01 -1.4001D+01  1.4146D+06  9.4983D+05  1.6579D+03  1.4045D+03 -2.6998D+06 -2.6998D+06        12
  1.1595D+03  5.8789D+03  6.2653D+03 -1.0139D+01 -1.0139D+01  1.2851D+06  9.4299D+05  1.6809D+03  1.4776D+03 -2.3885D+06 -2.3885D+06         9
  1.3798D+03  6.2319D+03  6.5403D+03 -5.4701D+00 -5.4701D+00  1.2349D+06  9.5322D+05  1.7018D+03  1.5276D+03 -1.9907D+06 -1.9907D+06         6
  1.6000D+03  6.5634D+03  6.8227D+03  2.1889D-12  2.1912D-12  1.2358D+06  9.8882D+05  1.7180D+03  1.5637D+03 -1.5129D+06 -1.5129D+06         1
  1.6460D+03  6.6310D+03  6.8822D+03  1.2430D+00  1.2430D+00  1.2415D+06  9.9976D+05  1.7209D+03  1.5699D+03 -1.4035D+06 -1.4035D+06         3
  1.6932D+03  6.7001D+03  6.9436D+03  2.5586D+00  2.5586D+00  1.2491D+06  1.0123D+06  1.7237D+03  1.5760D+03 -1.2876D+06 -1.2876D+06         3
  1.7419D+03  6.7707D+03  7.0069D+03  3.9511D+00  3.9511D+00  1.2588D+06  1.0267D+06  1.7265D+03  1.5819D+03 -1.1647D+06 -1.1647D+06         3
  1.7919D+03  6.8430D+03  7.0722D+03  5.4254D+00  5.4254D+00  1.2708D+06  1.0429D+06  1.7291D+03  1.5876D+03 -1.0346D+06 -1.0346D+06         3
  1.8434D+03  6.9171D+03  7.1395D+03  6.9862D+00  6.9862D+00  1.2851D+06  1.0612D+06  1.7317D+03  1.5931D+03 -8.9676D+05 -8.9676D+05         3
  1.8963D+03  6.9930D+03  7.2090D+03  8.6390D+00  8.6390D+00  1.3020D+06  1.0817D+06  1.7341D+03  1.5985D+03 -7.5088D+05 -7.5088D+05         3
  1.9508D+03  7.0708D+03  7.2806D+03  1.0389D+01  1.0389D+01  1.3216D+06  1.1047D+06  1.7365D+03  1.6036D+03 -5.9648D+05 -5.9648D+05         3
  2.0068D+03  7.1505D+03  7.3544D+03  1.2243D+01  1.2243D+01  1.3440D+06  1.1303D+06  1.7388D+03  1.6087D+03 -4.3312D+05 -4.3312D+05         4
  2.0644D+03  7.2324D+03  7.4306D+03  1.4207D+01  1.4207D+01  1.3695D+06  1.1586D+06  1.7411D+03  1.6136D+03 -2.6033D+05 -2.6033D+05         4
  2.1237D+03  7.3164D+03  7.5092D+03  1.6288D+01  1.6288D+01  1.3983D+06  1.1900D+06  1.7433D+03  1.6183D+03 -7.7601D+04 -7.7601D+04         4
  2.1847D+03  7.4027D+03  7.5900D+03  1.8494D+01  1.8494D+01  1.4305D+06  1.2247D+06  1.7454D+03  1.6230D+03  1.1570D+05  1.1570D+05         4
  2.2475D+03  7.4917D+03  7.6730D+03  2.0837D+01  2.0837D+01  1.4666D+06  1.2629D+06  1.7474D+03  1.6276D+03  3.2085D+05  3.2085D+05         4
  2.3120D+03  7.5835D+03  7.7585D+03  2.3337D+01  2.3337D+01  1.5066D+06  1.3048D+06  1.7494D+03  1.6321D+03  5.3959D+05  5.3959D+05         4
  2.3785D+03  7.6780D+03  7.8467D+03  2.6008D+01  2.6008D+01  1.5511D+06  1.3508D+06  1.7512D+03  1.6364D+03  7.7339D+05  7.7339D+05         4
  2.4468D+03  7.7752D+03  7.9377D+03  2.8866D+01  2.8866D+01  1.6001D+06  1.4012D+06  1.7531D+03  1.6407D+03  1.0236D+06  1.0236D+06         4
  2.5171D+03  7.8752D+03  8.0317D+03  3.1928D+01  3.1928D+01  1.6542D+06  1.4562D+06  1.7549D+03  1.6448D+03  1.2916D+06  1.2916D+06         4
  2.5893D+03  7.9781D+03  8.1288D+03  3.5213D+01  3.5213D+01  1.7137D+06  1.5163D+06  1.7566D+03  1.6488D+03  1.5791D+06  1.5791D+06         4
  2.6637D+03  8.0841D+03  8.2291D+03  3.8742D+01  3.8742D+01  1.7789D+06  1.5819D+06  1.7584D+03  1.6527D+03  1.8877D+06  1.8877D+06         4
  2.7402D+03  8.1932D+03  8.3327D+03  4.2536D+01  4.2536D+01  1.8504D+06  1.6535D+06  1.7601D+03  1.6565D+03  2.2193D+06  2.2193D+06         4
  2.8189D+03  8.3057D+03  8.4398D+03  4.6620D+01  4.6620D+01  1.9286D+06  1.7314D+06  1.7617D+03  1.6601D+03  2.5758D+06  2.5758D+06         4
  2.8999D+03  8.4215D+03  8.5505D+03  5.1022D+01  5.1022D+01  2.0140D+06  1.8164D+06  1.7633D+03  1.6636D+03  2.9594D+06  2.9594D+06         4
  2.9832D+03  8.5410D+03  8.6650D+03  5.5770D+01  5.5770D+01  2.1073D+06  1.9089D+06  1.7649D+03  1.6671D+03  3.3723D+06  3.3723D+06         4
  3.0689D+03  8.6643D+03  8.7834D+03  6.0899D+01  6.0899D+01  2.2090D+06  2.0096D+06  1.7664D+03  1.6704D+03  3.8172D+06  3.8172D+06         4
  3.1570D+03  8.7914D+03  8.9060D+03  6.6443D+01  6.6443D+01  2.3198D+06  2.1192D+06  1.7679D+03  1.6735D+03  4.2966D+06  4.2966D+06         4
  3.2477D+03  8.9227D+03  9.0328D+03  7.2442D+01  7.2442D+01  2.4405D+06  2.2385D+06  1.7693D+03  1.6766D+03  4.8136D+06  4.8136D+06         4
  3.3410D+03  9.0583D+03  9.1641D+03  7.8940D+01  7.8940D+01  2.5720D+06  2.3683D+06  1.7707D+03  1.6796D+03  5.3712D+06  5.3712D+06         4
  3.4369D+03  9.1984D+03  9.3001D+03  8.5984D+01  8.5984D+01  2.7151D+06  2.5094D+06  1.7720D+03  1.6824D+03  5.9729D+06  5.9729D+06         4
  3.5357D+03  9.3432D+03  9.4409D+03  9.3628D+01  9.3628D+01  2.8708D+06  2.6630D+06  1.7733D+03  1.6852D+03  6.6224D+06  6.6224D+06         4
  3.6372D+03  9.4929D+03  9.5869D+03  1.0193D+02  1.0193D+02  3.0402D+06  2.8301D+06  1.7745D+03  1.6878D+03  7.3236D+06  7.3236D+06         4
  3.7417D+03  9.6479D+03  9.7382D+03  1.1095D+02  1.1095D+02  3.2246D+06  3.0118D+06  1.7757D+03  1.6904D+03  8.0810D+06  8.0810D+06         4
  3.8492D+03  9.8083D+03  9.8951D+03  1.2077D+02  1.2077D+02  3.4251D+06  3.2096D+06  1.7769D+03  1.6928D+03  8.8992D+06  8.8992D+06         4
  3.9597D+03  9.9744D+03  1.0058D+04  1.3146D+02  1.3146D+02  3.6433D+06  3.4248D+06  1.7779D+03  1.6951D+03  9.7833D+06  9.7833D+06         4
  4.0734D+03  1.0146D+04  1.0227D+04  1.4311D+02  1.4311D+02  3.8808D+06  3.6591D+06  1.7790D+03  1.6973D+03  1.0739D+07  1.0739D+07         4
  4.1904D+03  1.0325D+04  1.0402D+04  1.5581D+02  1.5581D+02  4.1391D+06  3.9141D+06  1.7799D+03  1.6994D+03  1.1771D+07  1.1771D+07         4
  4.3108D+03  1.0510D+04  1.0584D+04  1.6967D+02  1.6967D+02  4.4204D+06  4.1917D+06  1.7808D+03  1.7014D+03  1.2888D+07  1.2888D+07         4
  4.4346D+03  1.0702D+04  1.0774D+04  1.8482D+02  1.8482D+02  4.7265D+06  4.4941D+06  1.7817D+03  1.7034D+03  1.4095D+07  1.4095D+07         4
  4.5620D+03  1.0901D+04  1.0970D+04  2.0137D+02  2.0137D+02  5.0599D+06  4.8234D+06  1.7825D+03  1.7052D+03  1.5401D+07  1.5401D+07         5
  4.6930D+03  1.1108D+04  1.1175D+04  2.1949D+02  2.1949D+02  5.4230D+06  5.1823D+06  1.7832D+03  1.7069D+03  1.6813D+07  1.6813D+07         5
  4.8278D+03  1.1324D+04  1.1388D+04  2.3932D+02  2.3932D+02  5.8186D+06  5.5735D+06  1.7839D+03  1.7085D+03  1.8341D+07  1.8341D+07         5
  4.9665D+03  1.1548D+04  1.1609D+04  2.6106D+02  2.6106D+02  6.2497D+06  6.0000D+06  1.7845D+03  1.7100D+03  1.9994D+07  1.9994D+07         4
  5.1091D+03  1.1781D+04  1.1840D+04  2.8489D+02  2.8489D+02  6.7197D+06  6.4652D+06  1.7850D+03  1.7114D+03  2.1783D+07  2.1783D+07         5
  5.2559D+03  1.2023D+04  1.2081D+04  3.1106D+02  3.1106D+02  7.2322D+06  6.9726D+06  1.7855D+03  1.7128D+03  2.3720D+07  2.3720D+07         5
  5.4069D+03  1.2276D+04  1.2331D+04  3.3981D+02  3.3981D+02  7.7913D+06  7.5265D+06  1.7859D+03  1.7140D+03  2.5816D+07  2.5816D+07         6
  5.5622D+03  1.2539D+04  1.2593D+04  3.7141D+02  3.7141D+02  8.4015D+06  8.1312D+06  1.7863D+03  1.7151D+03  2.8086D+07  2.8086D+07         6
  5.7219D+03  1.2814D+04  1.2866D+04  4.0620D+02  4.0620D+02  9.0676D+06  8.7917D+06  1.7865D+03  1.7161D+03  3.0544D+07  3.0544D+07         6
  5.8863D+03  1.3101D+04  1.3151D+04  4.4451D+02  4.4451D+02  9.7952D+06  9.5134D+06  1.7867D+03  1.7170D+03  3.3207D+07  3.3207D+07         6
  6.0553D+03  1.3401D+04  1.3449D+04  4.8675D+02  4.8675D+02  1.0590D+07  1.0302D+07  1.7869D+03  1.7179D+03  3.6093D+07  3.6093D+07         6
  6.2293D+03  1.3714D+04  1.3761D+04  5.3335D+02  5.3335D+02  1.1459D+07  1.1165D+07  1.7869D+03  1.7186D+03  3.9220D+07  3.9220D+07         6
  6.4082D+03  1.4042D+04  1.4087D+04  5.8483D+02  5.8483D+02  1.2410D+07  1.2109D+07  1.7869D+03  1.7192D+03  4.2609D+07  4.2609D+07         7
  6.5922D+03  1.4385D+04  1.4428D+04  6.4175D+02  6.4175D+02  1.3450D+07  1.3142D+07  1.7868D+03  1.7197D+03  4.6285D+07  4.6285D+07         7
  6.7816D+03  1.4744D+04  1.4786D+04  7.0474D+02  7.0474D+02  1.4588D+07  1.4273D+07  1.7866D+03  1.7201D+03  5.0272D+07  5.0272D+07         7
  6.9764D+03  1.5120D+04  1.5161D+04  7.7453D+02  7.7453D+02  1.5835D+07  1.5512D+07  1.7864D+03  1.7204D+03  5.4598D+07  5.4598D+07         7
  7.1767D+03  1.5515D+04  1.5555D+04  8.5193D+02  8.5193D+02  1.7201D+07  1.6870D+07  1.7860D+03  1.7206D+03  5.9293D+07  5.9293D+07         8
  7.3829D+03  1.5930D+04  1.5968D+04  9.3787D+02  9.3787D+02  1.8699D+07  1.8360D+07  1.7856D+03  1.7207D+03  6.4391D+07  6.4391D+07         8
  7.5949D+03  1.6366D+04  1.6403D+04  1.0334D+03  1.0334D+03  2.0342D+07  1.9995D+07  1.7850D+03  1.7207D+03  6.9928D+07  6.9928D+07         8
  7.8131D+03  1.6825D+04  1.6860D+04  1.1397D+03  1.1397D+03  2.2145D+07  2.1789D+07  1.7844D+03  1.7205D+03  7.5946D+07  7.5946D+07         9
  8.0375D+03  1.7307D+04  1.7342D+04  1.2582D+03  1.2582D+03  2.4125D+07  2.3761D+07  1.7837D+03  1.7202D+03  8.2487D+07  8.2487D+07         9
  8.2683D+03  1.7816D+04  1.7849D+04  1.3904D+03  1.3904D+03  2.6302D+07  2.5928D+07  1.7829D+03  1.7198D+03  8.9603D+07  8.9603D+07        10
  8.5058D+03  1.8352D+04  1.8385D+04  1.5381D+03  1.5381D+03  2.8695D+07  2.8311D+07  1.7819D+03  1.7193D+03  9.7346D+07  9.7346D+07        10
  8.7501D+03  1.8919D+04  1.8950D+04  1.7033D+03  1.7033D+03  3.1328D+07  3.0934D+07  1.7809D+03  1.7187D+03  1.0578D+08  1.0578D+08        10
  9.0015D+03  1.9517D+04  1.9548D+04  1.8884D+03  1.8884D+03  3.4228D+07  3.3823D+07  1.7797D+03  1.7179D+03  1.1496D+08  1.1496D+08        11
  9.2600D+03  2.0151D+04  2.0180D+04  2.0961D+03  2.0961D+03  3.7422D+07  3.7007D+07  1.7785D+03  1.7170D+03  1.2498D+08  1.2498D+08        12
  9.5260D+03  2.0822D+04  2.0851D+04  2.3296D+03  2.3296D+03  4.0945D+07  4.0518D+07  1.7771D+03  1.7159D+03  1.3590D+08  1.3590D+08        12
  9.7996D+03  2.1533D+04  2.1561D+04  2.5924D+03  2.5924D+03  4.4833D+07  4.4394D+07  1.7755D+03  1.7147D+03  1.4783D+08  1.4783D+08        13
  1.0081D+04  2.2289D+04  2.2316D+04  2.8888D+03  2.8888D+03  4.9127D+07  4.8675D+07  1.7738D+03  1.7133D+03  1.6085D+08  1.6085D+08        13
  1.0371D+04  2.3092D+04  2.3118D+04  3.2236D+03  3.2236D+03  5.3874D+07  5.3409D+07  1.7720D+03  1.7117D+03  1.7510D+08  1.7510D+08        14
  1.0668D+04  2.3947D+04  2.3972D+04  3.6025D+03  3.6025D+03  5.9126D+07  5.8647D+07  1.7700D+03  1.7100D+03  1.9068D+08  1.9068D+08        15
  1.0975D+04  2.4858D+04  2.4883D+04  4.0323D+03  4.0323D+03  6.4942D+07  6.4449D+07  1.7679D+03  1.7080D+03  2.0775D+08  2.0775D+08        16
  1.1290D+04  2.5831D+04  2.5855D+04  4.5207D+03  4.5207D+03  7.1390D+07  7.0882D+07  1.7655D+03  1.7059D+03  2.2647D+08  2.2647D+08        17
  1.1614D+04  2.6871D+04  2.6895D+04  5.0770D+03  5.0770D+03  7.8546D+07  7.8022D+07  1.7630D+03  1.7035D+03  2.4701D+08  2.4701D+08        18
  1.1948D+04  2.7985D+04  2.8008D+04  5.7119D+03  5.7119D+03  8.6496D+07  8.5956D+07  1.7603D+03  1.7010D+03  2.6957D+08  2.6957D+08        18
  1.2291D+04  2.9179D+04  2.9202D+04  6.4385D+03  6.4385D+03  9.5339D+07  9.4782D+07  1.7574D+03  1.6982D+03  2.9439D+08  2.9439D+08        19
  1.2644D+04  3.0463D+04  3.0485D+04  7.2719D+03  7.2719D+03  1.0519D+08  1.0461D+08  1.7542D+03  1.6951D+03  3.2172D+08  3.2172D+08        20
  1.3007D+04  3.1845D+04  3.1866D+04  8.2306D+03  8.2306D+03  1.1617D+08  1.1558D+08  1.7508D+03  1.6918D+03  3.5186D+08  3.5186D+08        21
  1.3381D+04  3.3335D+04  3.3356D+04  9.3364D+03  9.3364D+03  1.2843D+08  1.2782D+08  1.7471D+03  1.6881D+03  3.8514D+08  3.8514D+08        23
  1.3765D+04  3.4945D+04  3.4965D+04  1.0616D+04  1.0616D+04  1.4215D+08  1.4152D+08  1.7431D+03  1.6842D+03  4.2194D+08  4.2194D+08        24
  1.4161D+04  3.6689D+04  3.6709D+04  1.2100D+04  1.2100D+04  1.5752D+08  1.5686D+08  1.7389D+03  1.6799D+03  4.6271D+08  4.6271D+08        25
  1.4567D+04  3.8581D+04  3.8601D+04  1.3829D+04  1.3829D+04  1.7476D+08  1.7408D+08  1.7343D+03  1.6753D+03  5.0794D+08  5.0794D+08        26
  1.4986D+04  4.0640D+04  4.0659D+04  1.5850D+04  1.5850D+04  1.9414D+08  1.9344D+08  1.7293D+03  1.6703D+03  5.5822D+08  5.5822D+08        28
  1.5416D+04  4.2886D+04  4.2905D+04  1.8219D+04  1.8219D+04  2.1597D+08  2.1524D+08  1.7240D+03  1.6649D+03  6.1422D+08  6.1422D+08        29
  1.5859D+04  4.5342D+04  4.5361D+04  2.1010D+04  2.1010D+04  2.4061D+08  2.3985D+08  1.7182D+03  1.6590D+03  6.7673D+08  6.7673D+08        31
  1.6315D+04  4.8037D+04  4.8054D+04  2.4311D+04  2.4311D+04  2.6848D+08  2.6770D+08  1.7121D+03  1.6526D+03  7.4664D+08  7.4664D+08        33
  1.6783D+04  5.1000D+04  5.1018D+04  2.8233D+04  2.8233D+04  3.0008D+08  2.9927D+08  1.7054D+03  1.6457D+03  8.2505D+08  8.2505D+08        35
  1.7265D+04  5.4272D+04  5.4289D+04  3.2916D+04  3.2916D+04  3.3601D+08  3.3516D+08  1.6982D+03  1.6382D+03  9.1319D+08  9.1319D+08        37
  1.7761D+04  5.7895D+04  5.7912D+04  3.8537D+04  3.8537D+04  3.7697D+08  3.7609D+08  1.6904D+03  1.6302D+03  1.0126D+09  1.0126D+09        39
  1.8271D+04  6.1924D+04  6.1940D+04  4.5323D+04  4.5323D+04  4.2381D+08  4.2289D+08  1.6819D+03  1.6214D+03  1.1250D+09  1.1250D+09        41
  1.8796D+04  6.6422D+04  6.6438D+04  5.3564D+04  5.3564D+04  4.7755D+08  4.7659D+08  1.6728D+03  1.6119D+03  1.2525D+09  1.2525D+09        43
  1.9336D+04  7.1466D+04  7.1482D+04  6.3642D+04  6.3642D+04  5.3943D+08  5.3843D+08  1.6630D+03  1.6015D+03  1.3978D+09  1.3978D+09        46
  1.9891D+04  7.7150D+04  7.7165D+04  7.6054D+04  7.6054D+04  6.1097D+08  6.0993D+08  1.6523D+03  1.5903D+03  1.5639D+09  1.5639D+09        48
  2.0463D+04  8.3588D+04  8.3603D+04  9.1462D+04  9.1462D+04  6.9404D+08  6.9295D+08  1.6407D+03  1.5781D+03  1.7547D+09  1.7547D+09        51
  2.1050D+04  9.0923D+04  9.0938D+04  1.1076D+05  1.1076D+05  7.9096D+08  7.8982D+08  1.6281D+03  1.5648D+03  1.9748D+09  1.9748D+09        54
  2.1655D+04  9.9335D+04  9.9349D+04  1.3515D+05  1.3515D+05  9.0466D+08  9.0347D+08  1.6143D+03  1.5503D+03  2.2303D+09  2.2303D+09        57
  2.2277D+04  1.0905D+05  1.0906D+05  1.6633D+05  1.6633D+05  1.0388D+09  1.0376D+09  1.5993D+03  1.5344D+03  2.5285D+09  2.5285D+09        61
  2.2917D+04  1.2036D+05  1.2037D+05  2.0664D+05  2.0664D+05  1.1983D+09  1.1970D+09  1.5829D+03  1.5169D+03  2.8789D+09  2.8789D+09        65
  2.3575D+04  1.3364D+05  1.3365D+05  2.5948D+05  2.5948D+05  1.3892D+09  1.3878D+09  1.5648D+03  1.4978D+03  3.2939D+09  3.2939D+09        68
  2.4252D+04  1.4941D+05  1.4942D+05  3.2979D+05  3.2979D+05  1.6198D+09  1.6183D+09  1.5450D+03  1.4766D+03  3.7896D+09  3.7896D+09        73
  2.4949D+04  1.6834D+05  1.6835D+05  4.2501D+05  4.2501D+05  1.9011D+09  1.8996D+09  1.5230D+03  1.4531D+03  4.3879D+09  4.3879D+09        77
  2.5665D+04  1.9139D+05  1.9140D+05  5.5661D+05  5.5661D+05  2.2486D+09  2.2470D+09  1.4986D+03  1.4270D+03  5.1185D+09  5.1185D+09        83
  2.6403D+04  2.1991D+05  2.1993D+05  7.4292D+05  7.4292D+05  2.6839D+09  2.6822D+09  1.4713D+03  1.3977D+03  6.0233D+09  6.0233D+09        89
  2.7161D+04  2.5592D+05  2.5594D+05  1.0144D+06  1.0144D+06  3.2388D+09  3.2369D+09  1.4405D+03  1.3646D+03  7.1634D+09  7.1634D+09        95


   ZERO-TEMPERATURE ISOTHERM

        RHO          P         DPDR          E          ETA       GAMMA      T(PSI=1)     THETA       GIBBS
      kg/m**3       GPa	    (m/sec)**2     J/kg                                K           K          J/kg

    7.5100D+04  7.0909D+04  2.2030D+09  5.7247D+08  1.0000D+01  6.0500D-01  8.5549D+06 -5.9773D+03  1.5167D+09
    6.8492D+04  5.7108D+04  1.9741D+09  4.9067D+08  9.1201D+00  6.1566D-01  8.1294D+06 -5.6506D+03  1.3245D+09
    6.2465D+04  4.5841D+04  1.7649D+09  4.1856D+08  8.3176D+00  6.2745D-01  7.7092D+06 -5.3363D+03  1.1524D+09
    5.6969D+04  3.6666D+04  1.5740D+09  3.5519D+08  7.5858D+00  6.4051D-01  7.2940D+06 -5.0336D+03  9.9879D+08
    5.1956D+04  2.9212D+04  1.3999D+09  2.9973D+08  6.9183D+00  6.5499D-01  6.8837D+06 -4.7422D+03  8.6197D+08
    4.7385D+04  2.3175D+04  1.2414D+09  2.5137D+08  6.3096D+00  6.7105D-01  6.4783D+06 -4.4613D+03  7.4044D+08
    4.3216D+04  1.8299D+04  1.0974D+09  2.0940D+08  5.7544D+00  6.8888D-01  6.0777D+06 -4.1905D+03  6.3284D+08
    3.9413D+04  1.4375D+04  9.6666D+08  1.7316D+08  5.2481D+00  7.0870D-01  5.6822D+06 -3.9294D+03  5.3789D+08
    3.5945D+04  1.1228D+04  8.4821D+08  1.4202D+08  4.7863D+00  7.3076D-01  5.2920D+06 -3.6774D+03  4.5440D+08
    3.2782D+04  8.7154D+03  7.4109D+08  1.1544D+08  4.3652D+00  7.5533D-01  4.9076D+06 -3.4342D+03  3.8129D+08
    2.9898D+04  6.7174D+03  6.4444D+08  9.2888D+07  3.9811D+00  7.8274D-01  4.5293D+06 -3.1995D+03  3.1756D+08
    2.7267D+04  5.1368D+03  5.5742D+08  7.3901D+07  3.6308D+00  8.1335D-01  4.1579D+06 -2.9728D+03  2.6229D+08
    2.4868D+04  3.8934D+03  4.7929D+08  5.8049D+07  3.3113D+00  8.4760D-01  3.7943D+06 -2.7540D+03  2.1461D+08
    2.2680D+04  2.9214D+03  4.0935D+08  4.4936D+07  3.0200D+00  8.8596D-01  3.4394D+06 -2.5428D+03  1.7375D+08
    2.0684D+04  2.1670D+03  3.4694D+08  3.4207D+07  2.7542D+00  9.2899D-01  3.0945D+06 -2.3390D+03  1.3897D+08
    1.8864D+04  1.5863D+03  2.9149D+08  2.5534D+07  2.5119D+00  9.7735D-01  2.7608D+06 -2.1425D+03  1.0962D+08
    1.7204D+04  1.1434D+03  2.4245D+08  1.8623D+07  2.2909D+00  1.0318D+00  2.4399D+06 -1.9532D+03  8.5083D+07
    1.5691D+04  8.0925D+02  1.9931D+08  1.3208D+07  2.0893D+00  1.0932D+00  2.1335D+06 -1.7712D+03  6.4783D+07
    1.4310D+04  5.6030D+02  1.6163D+08  9.0472D+06  1.9055D+00  1.1625D+00  1.8433D+06 -1.5966D+03  4.8201D+07
    1.3051D+04  3.7753D+02  1.2898D+08  5.9278D+06  1.7378D+00  1.2410D+00  1.5710D+06 -1.4294D+03  3.4855D+07
    1.1903D+04  2.4566D+02  1.0101D+08  3.6590D+06  1.5849D+00  1.3300D+00  1.3185D+06 -1.2699D+03  2.4298D+07
    1.0855D+04  1.5244D+02  7.7354D+07  2.0739D+06  1.4454D+00  1.4311D+00  1.0874D+06 -1.1184D+03  1.6116D+07
    9.9001D+03  8.8092D+01  5.7722D+07  1.0277D+06  1.3183D+00  1.5463D+00  8.7915D+05 -9.7520D+02  9.9258D+06
    9.0290D+03  4.4884D+01  4.1840D+07  3.9748D+05  1.2023D+00  1.6777D+00  6.9484D+05 -8.4076D+02  5.3686D+06
    8.2345D+03  1.6709D+01  2.9468D+07  8.1772D+04  1.0965D+00  1.8279D+00  5.3514D+05 -7.1553D+02  2.1108D+06
    7.5100D+03 -1.2122D+00  2.0389D+07  6.2894D+02  1.0000D+00  2.0000D+00  4.0010D+05 -6.0000D+02 -1.6078D+05
    6.8492D+03 -1.2387D+01  1.3590D+07  9.4990D+04  9.1201D-01  2.1469D+00  2.9006D+05 -4.9542D+02 -1.7136D+06
    6.2465D+03 -1.8919D+01  8.2219D+06  3.2069D+05  8.3176D-01  2.2303D+00  2.0591D+05 -4.0480D+02 -2.7081D+06
    5.6969D+03 -2.2257D+01  4.0373D+06  6.4242D+05  7.5858D-01  2.2643D+00  1.4464D+05 -3.2901D+02 -3.2644D+06
    5.1956D+03 -2.3451D+01  8.2210D+05  1.0320D+06  6.9183D-01  2.2602D+00  1.0133D+05 -2.6706D+02 -3.4815D+06
    4.7385D+03 -2.3253D+01 -1.6074D+06  1.4673D+06  6.3096D-01  2.2274D+00  7.1243D+04 -2.1716D+02 -3.4399D+06
    4.3215D+03 -2.2194D+01 -3.4070D+06  1.9309D+06  5.7544D-01  2.1732D+00  5.0497D+04 -1.7730D+02 -3.2047D+06
    3.9413D+03 -2.0641D+01 -4.7068D+06  2.4095D+06  5.2481D-01  2.1036D+00  3.6206D+04 -1.4559D+02 -2.8277D+06
    3.5945D+03 -1.8844D+01 -5.6145D+06  2.8927D+06  4.7863D-01  2.0234D+00  2.6321D+04 -1.2038D+02 -2.3497D+06
    3.2782D+03 -1.6967D+01 -6.2177D+06  3.3729D+06  4.3652D-01  1.9363D+00  1.9434D+04 -1.0031D+02 -1.8028D+06
    2.9898D+03 -1.5116D+01 -6.5872D+06  3.8445D+06  3.9811D-01  1.8453D+00  1.4586D+04 -8.4275D+01 -1.2115D+06
    2.7267D+03 -1.3355D+01 -6.7790D+06  4.3031D+06  3.6308D-01  1.7526D+00  1.1135D+04 -7.1407D+01 -5.9483D+05
    2.4868D+03 -1.1720D+01 -6.8372D+06  4.7459D+06  3.3113D-01  1.6600D+00  8.6468D+03 -6.1023D+01  3.3106D+04
    2.2680D+03 -1.0227D+01 -6.7960D+06  5.1707D+06  3.0199D-01  1.5690D+00  6.8293D+03 -5.2592D+01  6.6159D+05
    2.0684D+03 -8.8805D+00 -6.6817D+06  5.5761D+06  2.7542D-01  1.4804D+00  5.4839D+03 -4.5703D+01  1.2827D+06
    1.8864D+03 -7.6788D+00 -6.5139D+06  5.9613D+06  2.5119D-01  1.3949D+00  4.4747D+03 -4.0036D+01  1.8908D+06
    1.7204D+03 -6.6140D+00 -6.3078D+06  6.3258D+06  2.2909D-01  1.3132D+00  3.7080D+03 -3.5343D+01  2.4815D+06
    1.5691D+03 -5.6762D+00 -6.0744D+06  6.6695D+06  2.0893D-01  1.2354D+00  3.1181D+03 -3.1430D+01  3.0519D+06
    1.4310D+03 -4.8546D+00 -5.8219D+06  6.9923D+06  1.9055D-01  1.1618D+00  2.6588D+03 -2.8146D+01  3.5998D+06
    1.3051D+03 -4.1379D+00 -5.5567D+06  7.2945D+06  1.7378D-01  1.0925D+00  2.2973D+03 -2.5371D+01  4.1239D+06
    1.1903D+03 -3.5152D+00 -5.2832D+06  7.5765D+06  1.5849D-01  1.0275D+00  2.0096D+03 -2.3012D+01  4.6232D+06
    1.0855D+03 -2.9762D+00 -5.0051D+06  7.8387D+06  1.4454D-01  9.6664D-01  1.7784D+03 -2.0993D+01  5.0970D+06
    9.9001D+02 -2.5113D+00 -4.7251D+06  8.0817D+06  1.3183D-01  9.0987D-01  1.5910D+03 -1.9256D+01  5.5451D+06
    9.0290D+02 -2.1117D+00 -4.4454D+06  8.3062D+06  1.2023D-01  8.5704D-01  1.4377D+03 -1.7752D+01  5.9674D+06
    8.2345D+02 -1.7694D+00 -4.1678D+06  8.5128D+06  1.0965D-01  8.0798D-01  1.3115D+03 -1.6442D+01  6.3640D+06
    7.5100D+02 -1.4772D+00 -3.8939D+06  8.7022D+06  1.0000D-01  7.6250D-01  1.2068D+03 -1.5295D+01  6.7352D+06
    6.8492D+02 -1.2287D+00 -3.6250D+06  8.8753D+06  9.1201D-02  7.2041D-01  1.1195D+03 -1.4286D+01  7.0815D+06
    6.2465D+02 -1.0180D+00 -3.3623D+06  9.0329D+06  8.3176D-02  6.8153D-01  1.0462D+03 -1.3393D+01  7.4032D+06
    5.6969D+02 -8.4018D-01 -3.1069D+06  9.1758D+06  7.5858D-02  6.4564D-01  9.8452D+02 -1.2599D+01  7.7010D+06
    5.1956D+02 -6.9058D-01 -2.8598D+06  9.3049D+06  6.9183D-02  6.1256D-01  9.3235D+02 -1.1890D+01  7.9757D+06
    4.7385D+02 -5.6524D-01 -2.6218D+06  9.4210D+06  6.3096D-02  5.8210D-01  8.8813D+02 -1.1254D+01  8.2281D+06
    4.3215D+02 -4.6064D-01 -2.3937D+06  9.5249D+06  5.7544D-02  5.5407D-01  8.5058D+02 -1.0680D+01  8.4590D+06
    3.9413D+02 -3.7373D-01 -2.1761D+06  9.6176D+06  5.2481D-02  5.2832D-01  8.1865D+02 -1.0161D+01  8.6694D+06
    3.5945D+02 -3.0183D-01 -1.9696D+06  9.6999D+06  4.7863D-02  5.0466D-01  7.9152D+02 -9.6893D+00  8.8602D+06
    3.2782D+02 -2.4260D-01 -1.7746D+06  9.7726D+06  4.3651D-02  4.8294D-01  7.6849D+02 -9.2587D+00  9.0325D+06
    2.9898D+02 -1.9404D-01 -1.5914D+06  9.8365D+06  3.9811D-02  4.6302D-01  7.4899D+02 -8.8641D+00  9.1874D+06
    2.7267D+02 -1.5442D-01 -1.4201D+06  9.8924D+06  3.6308D-02  4.4475D-01  7.3256D+02 -8.5013D+00  9.3260D+06
    2.4868D+02 -1.2225D-01 -1.2610D+06  9.9410D+06  3.3113D-02  4.2801D-01  7.1880D+02 -8.1665D+00  9.4494D+06
    2.2680D+02 -9.6269D-02 -1.1139D+06  9.9832D+06  3.0199D-02  4.1268D-01  7.0739D+02 -7.8564D+00  9.5587D+06
    2.0684D+02 -7.5389D-02 -9.7869D+05  1.0019D+07  2.7542D-02  3.9864D-01  6.9804D+02 -7.5684D+00  9.6550D+06
    1.8864D+02 -5.8701D-02 -8.5516D+05  1.0051D+07  2.5119D-02  3.8579D-01  6.9052D+02 -7.2999D+00  9.7393D+06
    1.7204D+02 -4.5439D-02 -7.4296D+05  1.0077D+07  2.2909D-02  3.7403D-01  6.8463D+02 -7.0490D+00  9.8128D+06
    1.5691D+02 -3.4960D-02 -6.4169D+05  1.0099D+07  2.0893D-02  3.6327D-01  6.8020D+02 -6.8137D+00  9.8765D+06
    1.4310D+02 -2.6730D-02 -5.5085D+05  1.0118D+07  1.9055D-02  3.5344D-01  6.7708D+02 -6.5925D+00  9.9314D+06
    1.3051D+02 -2.0306D-02 -4.6991D+05  1.0134D+07  1.7378D-02  3.4445D-01  6.7515D+02 -6.3841D+00  9.9783D+06
    1.1903D+02 -1.5324D-02 -3.9827D+05  1.0147D+07  1.5849D-02  3.3623D-01  6.7429D+02 -6.1871D+00  1.0018D+07
    1.0855D+02 -1.1485D-02 -3.3529D+05  1.0158D+07  1.4454D-02  3.2872D-01  6.7440D+02 -6.0005D+00  1.0052D+07
    9.9001D+01 -8.5467D-03 -2.8033D+05  1.0167D+07  1.3183D-02  3.2185D-01  6.7541D+02 -5.8234D+00  1.0080D+07
    9.0290D+01 -6.3141D-03 -2.3271D+05  1.0174D+07  1.2023D-02  3.1558D-01  6.7723D+02 -5.6550D+00  1.0104D+07
    8.2345D+01 -4.6297D-03 -1.9175D+05  1.0180D+07  1.0965D-02  3.0986D-01  6.7982D+02 -5.4945D+00  1.0123D+07
    7.5100D+01 -3.3684D-03 -1.5681D+05  1.0184D+07  1.0000D-02  3.0462D-01  6.8310D+02 -5.3412D+00  1.0139D+07
    6.8492D+01 -2.4312D-03 -1.2723D+05  1.0188D+07  9.1201D-03  2.9985D-01  6.8702D+02 -5.1946D+00  1.0152D+07
    6.2465D+01 -1.7404D-03 -1.0240D+05  1.0191D+07  8.3176D-03  2.9549D-01  6.9156D+02 -5.0541D+00  1.0163D+07
    5.6969D+01 -1.2353D-03 -8.1727D+04  1.0193D+07  7.5858D-03  2.9151D-01  6.9665D+02 -4.9193D+00  1.0171D+07
    5.1956D+01 -8.6910D-04 -6.4666D+04  1.0195D+07  6.9183D-03  2.8787D-01  7.0228D+02 -4.7898D+00  1.0178D+07
    4.7385D+01 -6.0597D-04 -5.0713D+04  1.0196D+07  6.3096D-03  2.8455D-01  7.0841D+02 -4.6652D+00  1.0183D+07
    4.3215D+01 -4.1858D-04 -3.9407D+04  1.0197D+07  5.7544D-03  2.8152D-01  7.1500D+02 -4.5452D+00  1.0187D+07
    3.9413D+01 -2.8637D-04 -3.0332D+04  1.0198D+07  5.2481D-03  2.7876D-01  7.2205D+02 -4.4294D+00  1.0191D+07
    3.5945D+01 -1.9399D-04 -2.3119D+04  1.0199D+07  4.7863D-03  2.7624D-01  7.2951D+02 -4.3176D+00  1.0193D+07
    3.2782D+01 -1.3007D-04 -1.7445D+04  1.0199D+07  4.3651D-03  2.7394D-01  7.3739D+02 -4.2096D+00  1.0195D+07
    2.9898D+01 -8.6297D-05 -1.3026D+04  1.0199D+07  3.9811D-03  2.7184D-01  7.4564D+02 -4.1052D+00  1.0196D+07
    2.7267D+01 -5.6636D-05 -9.6229D+03  1.0199D+07  3.6308D-03  2.6992D-01  7.5427D+02 -4.0040D+00  1.0197D+07
    2.4868D+01 -3.6755D-05 -7.0302D+03  1.0200D+07  3.3113D-03  2.6817D-01  7.6326D+02 -3.9060D+00  1.0198D+07
    2.2680D+01 -2.3579D-05 -5.0776D+03  1.0200D+07  3.0199D-03  2.6658D-01  7.7259D+02 -3.8110D+00  1.0199D+07
    2.0684D+01 -1.4947D-05 -3.6243D+03  1.0200D+07  2.7542D-03  2.6512D-01  7.8226D+02 -3.7188D+00  1.0199D+07
    1.8864D+01 -9.3589D-06 -2.5556D+03  1.0200D+07  2.5119D-03  2.6379D-01  7.9225D+02 -3.6293D+00  1.0199D+07
    1.7204D+01 -5.7863D-06 -1.7795D+03  1.0200D+07  2.2909D-03  2.6258D-01  8.0255D+02 -3.5424D+00  1.0200D+07
    1.5691D+01 -3.5310D-06 -1.2231D+03  1.0200D+07  2.0893D-03  2.6147D-01  8.1317D+02 -3.4580D+00  1.0200D+07
    1.4310D+01 -2.1258D-06 -8.2951D+02  1.0200D+07  1.9055D-03  2.6047D-01  8.2408D+02 -3.3758D+00  1.0200D+07
    1.3051D+01 -1.2622D-06 -5.5486D+02  1.0200D+07  1.7378D-03  2.5955D-01  8.3529D+02 -3.2960D+00  1.0200D+07
    1.1902D+01 -7.3875D-07 -3.6590D+02  1.0200D+07  1.5849D-03  2.5871D-01  8.4678D+02 -3.2182D+00  1.0200D+07
    1.0855D+01 -4.2603D-07 -2.3777D+02  1.0200D+07  1.4454D-03  2.5794D-01  8.5857D+02 -3.1426D+00  1.0200D+07
    9.9001D+00 -2.4197D-07 -1.5218D+02  1.0200D+07  1.3183D-03  2.5724D-01  8.7063D+02 -3.0689D+00  1.0200D+07
    9.0290D+00 -1.3528D-07 -9.5895D+01  1.0200D+07  1.2023D-03  2.5661D-01  8.8297D+02 -2.9971D+00  1.0200D+07
    8.2345D+00 -7.4418D-08 -5.9459D+01  1.0200D+07  1.0965D-03  2.5603D-01  8.9559D+02 -2.9272D+00  1.0200D+07
    7.5100D+00 -4.0255D-08 -3.6258D+01  1.0200D+07  1.0000D-03  2.5550D-01  9.0848D+02 -2.8590D+00  1.0200D+07


   HUGONIOT

      RHO          T           P          PC           E           S           V           U       RHO/RHOO  #IT  STATE
    kg/m**3        K          GPa        GPa          J/kg      J/kg-K       km/sec      km/sec

  7.5100D+03  2.9800D+02  1.0000D-04 -1.2120D+00  8.2603D+04  4.4794D+02  4.5508D+00  0.0000D+00  1.0000D+00  0  INITIAL
  7.5577D+03  3.0175D+02  1.0012D+00 -2.2625D-01  8.3024D+04  4.4795D+02  4.5943D+00  2.9016D-02  1.0064D+00  2  SOLID  
  7.5945D+03  3.0465D+02  1.7888D+00  5.4929D-01  8.3928D+04  4.4799D+02  4.6280D+00  5.1463D-02  1.0112D+00  2  SOLID  
  7.6308D+03  3.0755D+02  2.5828D+00  1.3312D+00  8.5325D+04  4.4809D+02  4.6615D+00  7.3774D-02  1.0161D+00  2  SOLID  
  7.6665D+03  3.1045D+02  3.3795D+00  2.1156D+00  8.7197D+04  4.4825D+02  4.6949D+00  9.5846D-02  1.0208D+00  2  SOLID  
  7.7016D+03  3.1335D+02  4.1753D+00  2.8989D+00  8.9518D+04  4.4851D+02  4.7278D+00  1.1759D-01  1.0255D+00  2  SOLID  
  7.7358D+03  3.1625D+02  4.9670D+00  3.6778D+00  9.2255D+04  4.4887D+02  4.7603D+00  1.3893D-01  1.0301D+00  2  SOLID  
  7.7691D+03  3.1916D+02  5.7516D+00  4.4495D+00  9.5374D+04  4.4934D+02  4.7922D+00  1.5981D-01  1.0345D+00  2  SOLID  
  7.8014D+03  3.2206D+02  6.5269D+00  5.2115D+00  9.8837D+04  4.4992D+02  4.8234D+00  1.8018D-01  1.0388D+00  2  SOLID  
  7.8328D+03  3.2496D+02  7.2910D+00  5.9619D+00  1.0261D+05  4.5062D+02  4.8538D+00  2.0001D-01  1.0430D+00  2  SOLID  
  7.8631D+03  3.2786D+02  8.0425D+00  6.6995D+00  1.0665D+05  4.5145D+02  4.8835D+00  2.1929D-01  1.0470D+00  2  SOLID  
  7.8924D+03  3.3076D+02  8.7803D+00  7.4231D+00  1.1093D+05  4.5238D+02  4.9124D+00  2.3800D-01  1.0509D+00  2  SOLID  
  8.0481D+03  3.4817D+02  1.2903D+01  1.1454D+01  1.4004D+05  4.6014D+02  5.0693D+00  3.3892D-01  1.0716D+00  3  SOLID  
  8.2484D+03  3.7718D+02  1.8736D+01  1.7117D+01  1.9427D+05  4.7866D+02  5.2792D+00  4.7257D-01  1.0983D+00  4  SOLID  
  8.4017D+03  4.0620D+02  2.3640D+01  2.1835D+01  2.4965D+05  5.0062D+02  5.4460D+00  5.7801D-01  1.1187D+00  3  SOLID  
  8.5264D+03  4.3521D+02  2.7929D+01  2.5927D+01  3.0427D+05  5.2388D+02  5.5854D+00  6.6583D-01  1.1353D+00  3  SOLID  
  8.6322D+03  4.6423D+02  3.1789D+01  2.9580D+01  3.5773D+05  5.4746D+02  5.7062D+00  7.4179D-01  1.1494D+00  3  SOLID  
  8.8066D+03  5.2225D+02  3.8628D+01  3.5991D+01  4.6124D+05  5.9390D+02  5.9107D+00  8.7021D-01  1.1726D+00  3  SOLID  
  8.9489D+03  5.8028D+02  4.4670D+01  4.1586D+01  5.6080D+05  6.3827D+02  6.0822D+00  9.7795D-01  1.1916D+00  3  SOLID  
  9.0702D+03  6.3831D+02  5.0166D+01  4.6621D+01  6.5712D+05  6.8017D+02  6.2317D+00  1.0719D+00  1.2077D+00  3  SOLID  
  9.1765D+03  6.9634D+02  5.5258D+01  5.1242D+01  7.5073D+05  7.1962D+02  6.3652D+00  1.1560D+00  1.2219D+00  3  SOLID  
  9.3578D+03  8.1239D+02  6.4559D+01  5.9574D+01  9.3131D+05  7.9176D+02  6.5981D+00  1.3028D+00  1.2460D+00  3  SOLID  
  9.5100D+03  9.2845D+02  7.3003D+01  6.7025D+01  1.1048D+06  8.5610D+02  6.7988D+00  1.4298D+00  1.2663D+00  3  SOLID  
  9.6421D+03  1.0445D+03  8.0826D+01  7.3836D+01  1.2725D+06  9.1397D+02  6.9766D+00  1.5427D+00  1.2839D+00  3  SOLID  
  9.7592D+03  1.1606D+03  8.8169D+01  8.0153D+01  1.4355D+06  9.6646D+02  7.1372D+00  1.6449D+00  1.2995D+00  3  SOLID  
  9.9614D+03  1.3927D+03  1.0177D+02  9.1668D+01  1.7500D+06  1.0586D+03  7.4205D+00  1.8261D+00  1.3264D+00  3  SOLID  
  1.0133D+04  1.6248D+03  1.1428D+02  1.0207D+02  2.0521D+06  1.1374D+03  7.6672D+00  1.9847D+00  1.3493D+00  3  SOLID  
  1.0283D+04  1.8569D+03  1.2599D+02  1.1163D+02  2.3445D+06  1.2062D+03  7.8874D+00  2.1269D+00  1.3692D+00  3  SOLID  
  1.0417D+04  2.0890D+03  1.3706D+02  1.2055D+02  2.6288D+06  1.2673D+03  8.0873D+00  2.2566D+00  1.3870D+00  3  SOLID  
  1.0538D+04  2.3211D+03  1.4762D+02  1.2894D+02  2.9064D+06  1.3221D+03  8.2713D+00  2.3765D+00  1.4031D+00  3  SOLID  
  1.0799D+04  2.9014D+03  1.7229D+02  1.4814D+02  3.5764D+06  1.4385D+03  8.6787D+00  2.6434D+00  1.4380D+00  3  SOLID  
  1.1020D+04  3.4817D+03  1.9511D+02  1.6544D+02  4.2197D+06  1.5340D+03  9.0317D+00  2.8765D+00  1.4673D+00  3  SOLID  
  1.1211D+04  4.0620D+03  2.1656D+02  1.8134D+02  4.8425D+06  1.6147D+03  9.3461D+00  3.0854D+00  1.4928D+00  3  SOLID  
  1.1381D+04  4.6423D+03  2.3696D+02  1.9616D+02  5.4488D+06  1.6847D+03  9.6314D+00  3.2760D+00  1.5155D+00  3  SOLID  
  1.1663D+04  5.2225D+03  2.7439D+02  2.2210D+02  6.5872D+06  1.8059D+03  1.0130D+01  3.6068D+00  1.5529D+00  3  LIQUID 
  1.1787D+04  5.8028D+03  2.9199D+02  2.3412D+02  7.1362D+06  1.8591D+03  1.0352D+01  3.7560D+00  1.5695D+00  3  LIQUID 
  1.1903D+04  6.3831D+03  3.0914D+02  2.4568D+02  7.6785D+06  1.9073D+03  1.0561D+01  3.8977D+00  1.5849D+00  3  LIQUID 
  1.2012D+04  6.9634D+03  3.2592D+02  2.5685D+02  8.2152D+06  1.9513D+03  1.0761D+01  4.0330D+00  1.5995D+00  3  LIQUID 
  1.2115D+04  7.5437D+03  3.4238D+02  2.6769D+02  8.7474D+06  1.9918D+03  1.0951D+01  4.1629D+00  1.6132D+00  3  LIQUID 
  1.2214D+04  8.1239D+03  3.5856D+02  2.7823D+02  9.2762D+06  2.0293D+03  1.1134D+01  4.2880D+00  1.6263D+00  3  LIQUID 
  1.2308D+04  8.7042D+03  3.7451D+02  2.8854D+02  9.8023D+06  2.0642D+03  1.1310D+01  4.4090D+00  1.6388D+00  3  LIQUID 
  1.2398D+04  9.2845D+03  3.9026D+02  2.9862D+02  1.0326D+07  2.0970D+03  1.1481D+01  4.5263D+00  1.6509D+00  3  LIQUID 
  1.2485D+04  9.8648D+03  4.0584D+02  3.0853D+02  1.0850D+07  2.1277D+03  1.1645D+01  4.6405D+00  1.6625D+00  3  LIQUID 
  1.2569D+04  1.0445D+04  4.2128D+02  3.1828D+02  1.1372D+07  2.1568D+03  1.1805D+01  4.7517D+00  1.6736D+00  3  LIQUID 
  1.2651D+04  1.1025D+04  4.3660D+02  3.2789D+02  1.1894D+07  2.1843D+03  1.1961D+01  4.8604D+00  1.6845D+00  3  LIQUID 
  1.2730D+04  1.1606D+04  4.5181D+02  3.3738D+02  1.2417D+07  2.2104D+03  1.2113D+01  4.9667D+00  1.6950D+00  3  LIQUID 
  1.2882D+04  1.2766D+04  4.8198D+02  3.5607D+02  1.3464D+07  2.2591D+03  1.2406D+01  5.1732D+00  1.7153D+00  3  LIQUID 
  1.3027D+04  1.3927D+04  5.1188D+02  3.7441D+02  1.4515D+07  2.3038D+03  1.2687D+01  5.3726D+00  1.7346D+00  3  LIQUID 
  1.3166D+04  1.5087D+04  5.4158D+02  3.9249D+02  1.5572D+07  2.3450D+03  1.2957D+01  5.5658D+00  1.7531D+00  3  LIQUID 
  1.3299D+04  1.6248D+04  5.7112D+02  4.1033D+02  1.6635D+07  2.3833D+03  1.3217D+01  5.7536D+00  1.7709D+00  3  LIQUID 
  1.3428D+04  1.7408D+04  6.0053D+02  4.2797D+02  1.7703D+07  2.4192D+03  1.3470D+01  5.9365D+00  1.7880D+00  3  LIQUID 
  1.3673D+04  1.9730D+04  6.5901D+02  4.6268D+02  1.9859D+07  2.4848D+03  1.3953D+01  6.2891D+00  1.8206D+00  3  LIQUID 
  1.4013D+04  2.3211D+04  7.4603D+02  5.1344D+02  2.3132D+07  2.5710D+03  1.4631D+01  6.7897D+00  1.8659D+00  3  LIQUID 
  1.4519D+04  2.9014D+04  8.8930D+02  5.9472D+02  2.8666D+07  2.6920D+03  1.5662D+01  7.5608D+00  1.9333D+00  3  LIQUID 
  1.4965D+04  3.4817D+04  1.0303D+03  6.7188D+02  3.4255D+07  2.7937D+03  1.6595D+01  8.2671D+00  1.9926D+00  3  LIQUID 
  1.5717D+04  4.6423D+04  1.3059D+03  8.1458D+02  4.5483D+07  2.9602D+03  1.8248D+01  9.5289D+00  2.0928D+00  3  LIQUID 
  1.6335D+04  5.8028D+04  1.5736D+03  9.4351D+02  5.6681D+07  3.0955D+03  1.9694D+01  1.0639D+01  2.1751D+00  3  LIQUID 
  1.6857D+04  6.9634D+04  1.8346D+03  1.0608D+03  6.7808D+07  3.2103D+03  2.0990D+01  1.1638D+01  2.2446D+00  3  LIQUID 
  1.7307D+04  8.1239D+04  2.0900D+03  1.1684D+03  7.8851D+07  3.3106D+03  2.2173D+01  1.2551D+01  2.3045D+00  3  LIQUID 
  1.7702D+04  9.2845D+04  2.3407D+03  1.2678D+03  8.9810D+07  3.3998D+03  2.3267D+01  1.3396D+01  2.3572D+00  3  LIQUID 
  1.8054D+04  1.0445D+05  2.5874D+03  1.3600D+03  1.0069D+08  3.4803D+03  2.4288D+01  1.4185D+01  2.4040D+00  3  LIQUID 
  1.8371D+04  1.1606D+05  2.8306D+03  1.4461D+03  1.1150D+08  3.5537D+03  2.5250D+01  1.4927D+01  2.4462D+00  3  LIQUID 


 EOS package call numbers
        ANEOS number =      -1        ALL 
 Calls to
 ANEOS                     1203      1203
 ANEOS1                   27933     27933
 ANION2                   30238     30238
 ANEOS1 from ANEOSV         913       913
 ANELSM from ANEOSV        1203      1203
 ANELSM                    1203      1203
 ANEOS1 from ANELSM       27020     27020
 ANEOS1/ANEOSV        2.322E+01 2.322E+01
 ANION2 iter. count   1.411E+00 1.411E+00
 Calls to eos tables =         0
